2025-08-27 10:29:07,133 - INFO - Succesfully read the YAML file
2025-08-27 10:29:07,134 - INFO - Data ingestion started...
2025-08-27 10:29:07,135 - INFO - Starting Data Ingestion Process...
2025-08-27 10:29:08,809 - ERROR - Error while downloading the csv file from GCP
2025-08-27 10:29:08,810 - ERROR - CustomException : Error in C:\Users\user\Desktop\MLOPS\anime_recommendation_system\src\data_ingestion.py, line 35 : Failed to downlaod csv file 
2025-08-27 10:29:08,810 - INFO - Data Ingestion Done...
2025-08-27 10:45:45,096 - INFO - Succesfully read the YAML file
2025-08-27 10:45:45,098 - INFO - Data ingestion started...
2025-08-27 10:45:45,098 - INFO - Starting Data Ingestion Process...
2025-08-27 10:45:46,813 - ERROR - Error while downloading the csv file from GCP
2025-08-27 10:45:46,813 - ERROR - CustomException : Error in C:\Users\user\Desktop\MLOPS\anime_recommendation_system\src\data_ingestion.py, line 35 : Failed to downlaod csv file 
2025-08-27 10:45:46,813 - INFO - Data Ingestion Done...
2025-08-27 10:46:17,940 - INFO - Succesfully read the YAML file
2025-08-27 10:46:17,940 - INFO - Data ingestion started...
2025-08-27 10:46:17,941 - INFO - Starting Data Ingestion Process...
2025-08-27 10:46:19,273 - ERROR - Error while downloading the csv file from GCP
2025-08-27 10:46:19,273 - ERROR - CustomException : Error in C:\Users\user\Desktop\MLOPS\anime_recommendation_system\src\data_ingestion.py, line 35 : Failed to downlaod csv file 
2025-08-27 10:46:19,273 - INFO - Data Ingestion Done...
2025-08-27 10:46:30,517 - INFO - Succesfully read the YAML file
2025-08-27 10:46:30,517 - INFO - Data ingestion started...
2025-08-27 10:46:30,517 - INFO - Starting Data Ingestion Process...
2025-08-27 10:46:31,756 - ERROR - Error while downloading the csv file from GCP
2025-08-27 10:46:31,757 - ERROR - CustomException : Error in C:\Users\user\Desktop\MLOPS\anime_recommendation_system\src\data_ingestion.py, line 35 : Failed to downlaod csv file 
2025-08-27 10:46:31,757 - INFO - Data Ingestion Done...
2025-08-27 10:46:36,169 - INFO - Succesfully read the YAML file
2025-08-27 10:46:36,170 - INFO - Data ingestion started...
2025-08-27 10:46:36,170 - INFO - Starting Data Ingestion Process...
2025-08-27 10:46:37,881 - ERROR - Error while downloading the csv file from GCP
2025-08-27 10:46:37,881 - ERROR - CustomException : Error in C:\Users\user\Desktop\MLOPS\anime_recommendation_system\src\data_ingestion.py, line 35 : Failed to downlaod csv file 
2025-08-27 10:46:37,881 - INFO - Data Ingestion Done...
2025-08-27 10:47:59,945 - INFO - Succesfully read the YAML file
2025-08-27 10:47:59,945 - INFO - Data ingestion started...
2025-08-27 10:47:59,945 - INFO - Starting Data Ingestion Process...
2025-08-27 10:48:04,488 - INFO - Download smaller files ie. anime, anime_with_synopsis
2025-08-27 10:48:09,466 - INFO - Download smaller files ie. anime, anime_with_synopsis
2025-08-27 11:09:08,293 - INFO - Large file detected only download 5 milltion rows
2025-08-27 11:09:08,312 - INFO - Data Ingestion Completed...
2025-08-27 11:09:08,312 - INFO - Data Ingestion Done...
